<?xml version="1.0" encoding="UTF-8"?>
<!-- Generated by org.testng.reporters.JUnitReportReporter -->
<testsuite skipped="0" hostname="Main" name="com.testcases.Tc_01" tests="1" failures="0" timestamp="04 Apr 2018 07:47:46 GMT" time="1.679" errors="0">
  <testcase name="test" time="1.679" classname="com.testcases.Tc_01"/>
</testsuite> <!-- com.testcases.Tc_01 -->
